{
  "RSpec": {
    "coverage": {
    },
    "timestamp": 1388266732
  },
  "Cucumber Features": {
    "coverage": {
      "C:/Users/El-Shark/Basma/Ostaz2/app/models/user.rb": [
        1,
        1,
        null,
        null,
        1,
        null,
        null,
        null,
        1,
        1,
        null,
        1,
        1,
        null,
        1,
        1,
        1,
        0,
        null,
        null
      ],
      "C:/Users/El-Shark/Basma/Ostaz2/app/controllers/application_controller.rb": [
        1,
        1,
        1,
        0,
        null,
        null,
        null
      ],
      "C:/Users/El-Shark/Basma/Ostaz2/app/helpers/application_helper.rb": [
        1,
        null
      ],
      "C:/Users/El-Shark/Basma/Ostaz2/app/helpers/account_types_helper.rb": [
        1,
        null
      ],
      "C:/Users/El-Shark/Basma/Ostaz2/app/helpers/accounts_helper.rb": [
        1,
        null
      ],
      "C:/Users/El-Shark/Basma/Ostaz2/app/helpers/home_helper.rb": [
        1,
        null
      ],
      "C:/Users/El-Shark/Basma/Ostaz2/app/helpers/totals_helper.rb": [
        1,
        null
      ],
      "C:/Users/El-Shark/Basma/Ostaz2/app/helpers/transactions_helper.rb": [
        1,
        null
      ],
      "C:/Users/El-Shark/Basma/Ostaz2/app/helpers/users_helper.rb": [
        1,
        null
      ],
      "C:/Users/El-Shark/Basma/Ostaz2/app/controllers/account_types_controller.rb": [
        1,
        null,
        null,
        1,
        1,
        1,
        0,
        null,
        0,
        0,
        0,
        null,
        null,
        null,
        null,
        null,
        1,
        0,
        null,
        0,
        0,
        0,
        null,
        null,
        null,
        null,
        null,
        1,
        0,
        null,
        0,
        0,
        0,
        null,
        null,
        null,
        null,
        1,
        0,
        null,
        null,
        null,
        null,
        1,
        0,
        null,
        0,
        0,
        0,
        0,
        null,
        0,
        0,
        null,
        null,
        null,
        null,
        null,
        null,
        1,
        0,
        null,
        0,
        0,
        0,
        0,
        null,
        0,
        0,
        null,
        null,
        null,
        null,
        null,
        null,
        1,
        0,
        0,
        null,
        0,
        0,
        0,
        null,
        null,
        null
      ],
      "C:/Users/El-Shark/Basma/Ostaz2/app/models/account_type.rb": [
        1,
        1,
        1,
        null
      ],
      "C:/Users/El-Shark/Basma/Ostaz2/app/controllers/accounts_controller.rb": [
        1,
        null,
        null,
        1,
        1,
        1,
        0,
        null,
        0,
        0,
        0,
        null,
        null,
        null,
        null,
        null,
        1,
        0,
        null,
        0,
        0,
        0,
        null,
        null,
        null,
        null,
        null,
        1,
        0,
        0,
        0,
        0,
        0,
        null,
        null,
        null,
        null,
        1,
        0,
        0,
        null,
        null,
        null,
        null,
        1,
        0,
        0,
        0,
        0,
        0,
        0,
        null,
        0,
        0,
        0,
        null,
        null,
        null,
        null,
        null,
        null,
        1,
        0,
        null,
        0,
        0,
        0,
        0,
        null,
        0,
        0,
        0,
        null,
        null,
        null,
        null,
        null,
        null,
        1,
        0,
        0,
        null,
        0,
        0,
        0,
        null,
        null,
        null
      ],
      "C:/Users/El-Shark/Basma/Ostaz2/app/models/account.rb": [
        1,
        1,
        1,
        1,
        null,
        1,
        0,
        null,
        1,
        0,
        0,
        0,
        0,
        null,
        0,
        0,
        0,
        null,
        0,
        0,
        0,
        null,
        0,
        0,
        0,
        null,
        0,
        null,
        null,
        1,
        0,
        0,
        0,
        0,
        null,
        0,
        null,
        null,
        1,
        0,
        0,
        null,
        0,
        0,
        null,
        0,
        null,
        1,
        null,
        0,
        0,
        0,
        0,
        0,
        0,
        0,
        0,
        0,
        null,
        0,
        null,
        0,
        0,
        null,
        0,
        null,
        null,
        1,
        0,
        0,
        0,
        0,
        0,
        0,
        null,
        0,
        0,
        0,
        0,
        0,
        0,
        null,
        null,
        0,
        0,
        0,
        0,
        0,
        0,
        0,
        0,
        null,
        0,
        0,
        0,
        0,
        0,
        0,
        0,
        0,
        null,
        null,
        0,
        null,
        0,
        null,
        1,
        0,
        null,
        0,
        null,
        0,
        null,
        null,
        1,
        0,
        0,
        0,
        null,
        1,
        0,
        0,
        0,
        null,
        1,
        0,
        0,
        0,
        null,
        1,
        0,
        0,
        0,
        null,
        1,
        0,
        0,
        0,
        null,
        1,
        0,
        0,
        0,
        null,
        1,
        0,
        0,
        0,
        null,
        null,
        null,
        null
      ],
      "C:/Users/El-Shark/Basma/Ostaz2/app/controllers/home_controller.rb": [
        1,
        1,
        0,
        null,
        null
      ],
      "C:/Users/El-Shark/Basma/Ostaz2/app/controllers/totals_controller.rb": [
        1,
        1,
        1,
        1,
        0,
        null,
        null,
        null,
        1,
        null,
        1,
        null,
        null,
        1,
        0,
        0,
        null,
        1,
        null,
        null,
        null
      ],
      "C:/Users/El-Shark/Basma/Ostaz2/app/controllers/transactions_controller.rb": [
        1,
        null,
        null,
        1,
        1,
        1,
        0,
        null,
        0,
        0,
        0,
        null,
        null,
        null,
        null,
        null,
        1,
        0,
        null,
        0,
        0,
        0,
        null,
        null,
        null,
        null,
        null,
        1,
        0,
        0,
        0,
        0,
        0,
        null,
        null,
        null,
        null,
        1,
        0,
        0,
        null,
        null,
        null,
        null,
        1,
        0,
        0,
        0,
        0,
        0,
        0,
        0,
        0,
        0,
        0,
        0,
        0,
        0,
        null,
        0,
        null,
        0,
        0,
        0,
        0,
        null,
        0,
        0,
        0,
        null,
        null,
        null,
        null,
        null,
        null,
        1,
        0,
        null,
        0,
        0,
        0,
        0,
        null,
        0,
        0,
        0,
        null,
        null,
        null,
        null,
        null,
        null,
        1,
        0,
        0,
        null,
        0,
        0,
        0,
        null,
        null,
        null
      ],
      "C:/Users/El-Shark/Basma/Ostaz2/app/models/transaction.rb": [
        1,
        1,
        1,
        1,
        1,
        1,
        1,
        1,
        0,
        0,
        0,
        0,
        0,
        0,
        0,
        0,
        null,
        null,
        0,
        null,
        1,
        0,
        0,
        0,
        0,
        0,
        null,
        null,
        0,
        null,
        null,
        null,
        1,
        0,
        0,
        0,
        0,
        0,
        0,
        0,
        0,
        null,
        null,
        null,
        1,
        0,
        0,
        0,
        0,
        0,
        0,
        0,
        0,
        null,
        null,
        null,
        null
      ],
      "C:/Users/El-Shark/Basma/Ostaz2/app/controllers/users/registrations_controller.rb": [
        1,
        1,
        0,
        null,
        null
      ],
      "C:/Users/El-Shark/Basma/Ostaz2/app/controllers/users_controller.rb": [
        1,
        1,
        1,
        1,
        0,
        null,
        null,
        1,
        0,
        null,
        1,
        0,
        0,
        0,
        null,
        0,
        null,
        null,
        null,
        1,
        null,
        0,
        0,
        0,
        0,
        null,
        0,
        null,
        null,
        null
      ],
      "C:/Users/El-Shark/Basma/Ostaz2/app/models/ability.rb": [
        1,
        1,
        null,
        1,
        0,
        0,
        0,
        0,
        0,
        0,
        0,
        0,
        null,
        null,
        null,
        null,
        null,
        null,
        null,
        null,
        null,
        null,
        null,
        null,
        null,
        null,
        null,
        null,
        null,
        null,
        null,
        null,
        null,
        null,
        null,
        null,
        null,
        null,
        null,
        null,
        null
      ],
      "C:/Users/El-Shark/Basma/Ostaz2/app/models/role.rb": [
        1,
        1,
        1,
        null,
        1,
        null
      ]
    },
    "timestamp": 1389065763
  }
}
